{"level":"info","message":"USSD Request: sessionId=ATUid_d706f4587f20e427a572cc467180abdb, phoneNumber=+211922536257, text=","timestamp":"2025-08-09T05:58:24.869Z"}
{"level":"error","message":"USSD Error: sanitize.value is not a function","phoneNumber":"+211922536257","sessionId":"ATUid_d706f4587f20e427a572cc467180abdb","text":"","timestamp":"2025-08-09T05:58:24.872Z"}
{"level":"info","message":"USSD Request: sessionId=ATUid_b70011a22a30cc3ea5f817531239c809, phoneNumber=+211922536257, text=","timestamp":"2025-08-09T05:58:32.362Z"}
{"level":"error","message":"USSD Error: sanitize.value is not a function","phoneNumber":"+211922536257","sessionId":"ATUid_b70011a22a30cc3ea5f817531239c809","text":"","timestamp":"2025-08-09T05:58:32.363Z"}
{"level":"info","message":"USSD Request: sessionId=ATUid_fde52394af8dea33e5cb08babdddce15, phoneNumber=+211922536257, text=","timestamp":"2025-08-09T06:05:01.321Z"}
{"level":"error","message":"USSD Error: sanitize.value is not a function","phoneNumber":"+211922536257","sessionId":"ATUid_fde52394af8dea33e5cb08babdddce15","text":"","timestamp":"2025-08-09T06:05:01.331Z"}
{"level":"info","message":"USSD Request: sessionId=ATUid_56ead07123c77cbeceb56b669599196c, phoneNumber=+211922536257, text=","timestamp":"2025-08-09T06:11:11.859Z"}
{"level":"error","message":"USSD Error: sanitize.value is not a function","phoneNumber":"+211922536257","sessionId":"ATUid_56ead07123c77cbeceb56b669599196c","text":"","timestamp":"2025-08-09T06:11:11.869Z"}
{"level":"info","message":"USSD Request: sessionId=ATUid_3bffef7a02d4ef40254a889b48357eb1, phoneNumber=+211922536257, text=","timestamp":"2025-08-09T07:09:03.331Z"}
{"level":"error","message":"USSD Error: sanitize.value is not a function","phoneNumber":"+211922536257","sessionId":"ATUid_3bffef7a02d4ef40254a889b48357eb1","text":"","timestamp":"2025-08-09T07:09:03.334Z"}
{"level":"info","message":"USSD Request: sessionId=123, phoneNumber=+211123456789, text=","timestamp":"2025-08-09T07:20:38.900Z"}
{"level":"error","message":"USSD Error: sanitize.value is not a function","phoneNumber":"+211123456789","sessionId":"123","text":"","timestamp":"2025-08-09T07:20:38.910Z"}
{"level":"info","message":"USSD Request: sessionId=123, phoneNumber=+211123456789, text=","timestamp":"2025-08-09T07:24:17.616Z"}
{"level":"error","message":"USSD Error: sanitize.value is not a function","phoneNumber":"+211123456789","sessionId":"123","text":"","timestamp":"2025-08-09T07:24:17.623Z"}
{"level":"info","message":"USSD Request: sessionId=ATUid_564fc0ca0423d4b701cefeaedd15835d, phoneNumber=+211922536257, text=","timestamp":"2025-08-09T07:29:51.077Z"}
{"level":"error","message":"USSD Error: sanitize.value is not a function","phoneNumber":"+211922536257","sessionId":"ATUid_564fc0ca0423d4b701cefeaedd15835d","text":"","timestamp":"2025-08-09T07:29:51.086Z"}
{"level":"info","message":"USSD Request: sessionId=123, phoneNumber=+211123456789, text=","timestamp":"2025-08-09T07:45:23.832Z"}
{"level":"error","message":"USSD Error: sanitize.value is not a function","phoneNumber":"+211123456789","sessionId":"123","text":"","timestamp":"2025-08-09T07:45:23.836Z"}
{"level":"info","message":"USSD Request: sessionId=123, phoneNumber=+211123456789, text=","timestamp":"2025-08-09T08:02:39.917Z"}
{"level":"error","message":"USSD Error: sanitize.value is not a function","phoneNumber":"+211123456789","sessionId":"123","text":"","timestamp":"2025-08-09T08:02:39.919Z"}
{"level":"info","message":"USSD Request: sessionId=123, phoneNumber=+211123456789, text=","timestamp":"2025-08-09T08:03:14.397Z"}
{"level":"error","message":"USSD Error: sanitize.value is not a function","phoneNumber":"+211123456789","sessionId":"123","text":"","timestamp":"2025-08-09T08:03:14.398Z"}
{"level":"info","message":"USSD Request: sessionId=1, phoneNumber=+211123456789, text=","timestamp":"2025-08-09T08:58:31.712Z"}
{"level":"error","message":"USSD Error: sanitize.value is not a function","phoneNumber":"+211123456789","sessionId":"1","text":"","timestamp":"2025-08-09T08:58:31.716Z"}
{"level":"info","message":"USSD Request: sessionId=1, phoneNumber=+211123456789, text=","timestamp":"2025-08-09T09:05:27.995Z"}
{"level":"error","message":"USSD Error: sanitize.value is not a function","phoneNumber":"+211123456789","sessionId":"1","text":"","timestamp":"2025-08-09T09:05:27.997Z"}
{"level":"info","message":"USSD Request: sessionId=1, phoneNumber=+211123456789, text=","timestamp":"2025-08-09T09:10:46.622Z"}
{"level":"error","message":"USSD Error: sanitize.value is not a function","phoneNumber":"+211123456789","sessionId":"1","text":"","timestamp":"2025-08-09T09:10:46.625Z"}
{"level":"info","message":"USSD Request: sessionId=1, phoneNumber=+211123456789, text=","timestamp":"2025-08-09T09:16:53.900Z"}
{"level":"error","message":"USSD Error: sanitize.value is not a function","phoneNumber":"+211123456789","sessionId":"1","text":"","timestamp":"2025-08-09T09:16:53.900Z"}
{"level":"info","message":"USSD HIT","phoneNumber":"+211920324000","serviceCode":"*384*341#","sessionId":"ATUid_a8e1c996d54afa764cceb5a5935c1833","text":"","timestamp":"2025-08-11T02:46:59.709Z"}
{"level":"info","message":"USSD HIT","phoneNumber":"+211920324000","serviceCode":"*384*341#","sessionId":"ATUid_a8e1c996d54afa764cceb5a5935c1833","text":"1","timestamp":"2025-08-11T02:47:13.896Z"}
{"level":"info","message":"USSD HIT","phoneNumber":"+211920324000","serviceCode":"*384*341#","sessionId":"ATUid_a0900aa648aa441ea5c93a6cd5c1a737","text":"","timestamp":"2025-08-11T03:08:39.534Z"}
{"level":"info","message":"USSD HIT","phoneNumber":"+211920324000","serviceCode":"*384*341#","sessionId":"ATUid_f5fb6daa7c7ba7d4c586a84796c3e7f6","text":"","timestamp":"2025-08-11T03:34:19.115Z"}
{"level":"info","message":"USSD HIT","phoneNumber":"+211920324000","serviceCode":"*384*341#","sessionId":"ATUid_f5fb6daa7c7ba7d4c586a84796c3e7f6","text":"3","timestamp":"2025-08-11T03:34:34.043Z"}
{"level":"info","message":"USSD HIT","phoneNumber":"+211920324000","serviceCode":"*384*341#","sessionId":"ATUid_f5fb6daa7c7ba7d4c586a84796c3e7f6","text":"3*0","timestamp":"2025-08-11T03:34:39.056Z"}
{"level":"info","message":"USSD HIT","phoneNumber":"+211920324000","serviceCode":"*384*341#","sessionId":"ATUid_67a3ed5ee151a1e457bd238f9ae659f9","text":"","timestamp":"2025-08-11T03:37:24.526Z"}
{"level":"info","message":"USSD HIT","phoneNumber":"+211920324000","serviceCode":"*384*341#","sessionId":"ATUid_67a3ed5ee151a1e457bd238f9ae659f9","text":"2","timestamp":"2025-08-11T03:37:27.999Z"}
{"level":"info","message":"USSD HIT","phoneNumber":"+211920324000","serviceCode":"*384*341#","sessionId":"ATUid_67a3ed5ee151a1e457bd238f9ae659f9","text":"2*1","timestamp":"2025-08-11T03:37:37.332Z"}
{"level":"info","message":"USSD HIT","phoneNumber":"+211920324000","serviceCode":"*384*341#","sessionId":"ATUid_67a3ed5ee151a1e457bd238f9ae659f9","text":"2*1*20","timestamp":"2025-08-11T03:37:43.159Z"}
{"level":"info","message":"USSD HIT","phoneNumber":"+211920324000","serviceCode":"*384*341#","sessionId":"ATUid_92c509b20bf849c73be0b20f52fa7afa","text":"","timestamp":"2025-08-11T03:39:36.342Z"}
{"level":"info","message":"USSD HIT","phoneNumber":"+211920324000","serviceCode":"*384*341#","sessionId":"ATUid_92c509b20bf849c73be0b20f52fa7afa","text":"2","timestamp":"2025-08-11T03:39:41.899Z"}
{"level":"info","message":"USSD HIT","phoneNumber":"+211920324000","serviceCode":"*384*341#","sessionId":"ATUid_92c509b20bf849c73be0b20f52fa7afa","text":"2*1","timestamp":"2025-08-11T03:39:51.791Z"}
{"level":"info","message":"USSD HIT","phoneNumber":"+211920324000","serviceCode":"*384*341#","sessionId":"ATUid_92c509b20bf849c73be0b20f52fa7afa","text":"2*1*10","timestamp":"2025-08-11T03:39:56.859Z"}
{"level":"info","message":"USSD HIT","phoneNumber":"+211920324000","serviceCode":"*384*341#","sessionId":"ATUid_92c509b20bf849c73be0b20f52fa7afa","text":"2*1*10*1","timestamp":"2025-08-11T03:40:17.001Z"}
{"level":"info","message":"USSD HIT","phoneNumber":"+211920324000","serviceCode":"*384*341#","sessionId":"ATUid_bc62a9df9236d4a50f109c2efe7f94d0","text":"","timestamp":"2025-08-11T03:49:26.058Z"}
{"level":"info","message":"USSD HIT","phoneNumber":"+211920324000","serviceCode":"*384*341#","sessionId":"ATUid_16ac7b372988852432f7cac8c784ca63","text":"","timestamp":"2025-08-11T03:51:39.264Z"}
{"level":"info","message":"USSD HIT","phoneNumber":"+211920324000","serviceCode":"*384*341#","sessionId":"ATUid_16ac7b372988852432f7cac8c784ca63","text":"3","timestamp":"2025-08-11T03:51:43.025Z"}
{"level":"info","message":"USSD HIT","phoneNumber":"+211920324000","serviceCode":"*384*341#","sessionId":"ATUid_16ac7b372988852432f7cac8c784ca63","text":"3*0","timestamp":"2025-08-11T03:52:23.188Z"}
{"level":"info","message":"USSD HIT","phoneNumber":"+211920324000","serviceCode":"*384*341#","sessionId":"ATUid_720f220f529d5f57aeea4d744ccacbbb","text":"","timestamp":"2025-08-12T14:46:15.030Z"}
{"level":"info","message":"USSD HIT","phoneNumber":"+211920324000","serviceCode":"*384*341#","sessionId":"ATUid_720f220f529d5f57aeea4d744ccacbbb","text":"2","timestamp":"2025-08-12T14:46:26.239Z"}
{"level":"info","message":"USSD HIT","phoneNumber":"+211920324000","serviceCode":"*384*341#","sessionId":"ATUid_720f220f529d5f57aeea4d744ccacbbb","text":"2*0","timestamp":"2025-08-12T14:46:30.914Z"}
{"level":"info","message":"USSD HIT","phoneNumber":"+211920324000","serviceCode":"*384*341#","sessionId":"ATUid_720f220f529d5f57aeea4d744ccacbbb","text":"2*0*3","timestamp":"2025-08-12T14:46:34.032Z"}
{"level":"info","message":"USSD HIT","phoneNumber":"+211920324000","serviceCode":"*384*341#","sessionId":"ATUid_30a37ff0d24797039715e61704d383ab","text":"","timestamp":"2025-08-12T14:46:37.869Z"}
{"level":"info","message":"USSD HIT","phoneNumber":"+211920324000","serviceCode":"*384*341#","sessionId":"ATUid_30a37ff0d24797039715e61704d383ab","text":"3","timestamp":"2025-08-12T14:46:40.727Z"}
{"level":"info","message":"USSD HIT","phoneNumber":"+211912345678","serviceCode":"*384*341#","sessionId":"1","text":"","timestamp":"2025-08-13T15:44:21.140Z"}
{"level":"info","message":"USSD HIT","phoneNumber":"+211912345678","serviceCode":"*384*341#","sessionId":"1","text":"1","timestamp":"2025-08-13T15:44:31.143Z"}
{"level":"info","message":"USSD HIT","phoneNumber":"+211912345678","serviceCode":"*384*341#","sessionId":"1","text":"2","timestamp":"2025-08-13T15:44:42.609Z"}
{"level":"info","message":"USSD HIT","phoneNumber":"+211912345678","serviceCode":"*384*341#","sessionId":"1","text":"3","timestamp":"2025-08-13T15:44:51.836Z"}
{"level":"info","message":"USSD HIT","phoneNumber":"+211912345678","serviceCode":"*384*341#","sessionId":"1","text":"2*1","timestamp":"2025-08-13T15:55:23.884Z"}
{"level":"info","message":"USSD HIT","phoneNumber":"+211912345678","serviceCode":"*384*341#","sessionId":"1","text":"","timestamp":"2025-08-13T16:03:24.665Z"}
{"level":"info","message":"USSD HIT","phoneNumber":"+211912345678","serviceCode":"*384*341#","sessionId":"1","text":"1","timestamp":"2025-08-13T16:03:32.574Z"}
{"level":"info","message":"USSD HIT","phoneNumber":"+211912345678","serviceCode":"*384*341#","sessionId":"1","text":"2","timestamp":"2025-08-13T16:03:43.726Z"}
{"level":"info","message":"USSD HIT","phoneNumber":"+211912345678","serviceCode":"*384*341#","sessionId":"1","text":"3","timestamp":"2025-08-13T16:04:01.590Z"}
{"level":"info","message":"USSD HIT","phoneNumber":"+211912345678","serviceCode":"*384*341#","sessionId":"1","text":"2","timestamp":"2025-08-13T16:11:31.729Z"}
{"level":"info","message":"USSD HIT","phoneNumber":"+211912345678","serviceCode":"*384*341#","sessionId":"1","text":"2*1","timestamp":"2025-08-13T16:11:41.092Z"}
{"level":"info","message":"USSD HIT","phoneNumber":"+211912345678","serviceCode":"*384*341#","sessionId":"1","text":"2","timestamp":"2025-08-13T16:12:29.976Z"}
{"level":"info","message":"USSD HIT","phoneNumber":"+211912345678","serviceCode":"*384*341#","sessionId":"1","text":"2*1","timestamp":"2025-08-13T16:12:41.205Z"}
{"level":"info","message":"USSD HIT","phoneNumber":"+211912345678","serviceCode":"*384*341#","sessionId":"1","text":"2*1*3","timestamp":"2025-08-13T16:12:49.656Z"}
{"level":"info","message":"USSD HIT","phoneNumber":"+211912345678","serviceCode":"*384*341#","sessionId":"1","text":"2*1*3*1","timestamp":"2025-08-13T16:13:10.421Z"}
{"level":"info","message":"USSD HIT","phoneNumber":"+211912345678","serviceCode":"*384*341#","sessionId":"1","text":"","timestamp":"2025-08-13T16:25:45.575Z"}
{"level":"info","message":"USSD HIT","phoneNumber":"+211912345678","serviceCode":"*384*341#","sessionId":"1","text":"1","timestamp":"2025-08-13T16:25:52.240Z"}
{"level":"info","message":"USSD HIT","phoneNumber":"+211912345678","serviceCode":"*384*341#","sessionId":"1","text":"2","timestamp":"2025-08-13T16:25:59.774Z"}
{"level":"info","message":"USSD HIT","phoneNumber":"+211912345678","serviceCode":"*384*341#","sessionId":"1","text":"2*1","timestamp":"2025-08-13T16:26:07.555Z"}
{"level":"info","message":"USSD HIT","phoneNumber":"+211912345678","serviceCode":"*384*341#","sessionId":"1","text":"2*1*3","timestamp":"2025-08-13T16:26:16.572Z"}
{"level":"info","message":"USSD HIT","phoneNumber":"+211912345678","serviceCode":"*384*341#","sessionId":"1","text":"2*1*3*1","timestamp":"2025-08-13T16:26:30.683Z"}
{"level":"info","message":"USSD HIT","phoneNumber":"+211912345678","serviceCode":"*384*341#","sessionId":"100","text":"","timestamp":"2025-08-13T17:56:49.594Z"}
{"level":"info","message":"USSD HIT","phoneNumber":"+211912345678","serviceCode":"*384*341#","sessionId":"100","text":"1","timestamp":"2025-08-13T17:56:57.600Z"}
{"level":"info","message":"USSD HIT","phoneNumber":"+211912345678","serviceCode":"*384*341#","sessionId":"100","text":"2","timestamp":"2025-08-13T17:57:10.641Z"}
{"level":"info","message":"USSD HIT","phoneNumber":"+211912345678","serviceCode":"*384*341#","sessionId":"100","text":"2*1","timestamp":"2025-08-13T17:57:19.188Z"}
{"level":"info","message":"USSD HIT","phoneNumber":"+211912345678","serviceCode":"*384*341#","sessionId":"100","text":"2*1*10","timestamp":"2025-08-13T17:57:54.020Z"}
{"level":"info","message":"USSD HIT","phoneNumber":"+211912345678","serviceCode":"*384*341#","sessionId":"100","text":"2","timestamp":"2025-08-13T17:58:30.695Z"}
{"level":"info","message":"USSD HIT","phoneNumber":"+211912345678","serviceCode":"*384*341#","sessionId":"100","text":"2*1","timestamp":"2025-08-13T17:58:35.854Z"}
{"level":"info","message":"USSD HIT","phoneNumber":"+211912345678","serviceCode":"*384*341#","sessionId":"100","text":"2*1*11","timestamp":"2025-08-13T17:59:47.518Z"}
{"level":"info","message":"USSD HIT","phoneNumber":"+211912345678","serviceCode":"*384*341#","sessionId":"100","text":"2*1*11*1","timestamp":"2025-08-13T18:02:03.834Z"}
{"level":"info","message":"USSD HIT","phoneNumber":"+211912345678","serviceCode":"*384*341#","sessionId":"100","text":"","timestamp":"2025-08-13T18:23:12.236Z"}
{"level":"info","message":"USSD HIT","phoneNumber":"+211912345678","serviceCode":"*384*341#","sessionId":"100","text":"1","timestamp":"2025-08-13T18:23:17.539Z"}
{"level":"info","message":"USSD HIT","phoneNumber":"+211912345678","serviceCode":"*384*341#","sessionId":"100","text":"2","timestamp":"2025-08-13T18:23:22.789Z"}
{"level":"info","message":"USSD HIT","phoneNumber":"+211912345678","serviceCode":"*384*341#","sessionId":"100","text":"2*1","timestamp":"2025-08-13T18:24:04.676Z"}
{"level":"info","message":"USSD HIT","phoneNumber":"+211912345678","serviceCode":"*384*341#","sessionId":"100","text":"2*1*10","timestamp":"2025-08-13T18:24:20.023Z"}
{"level":"info","message":"USSD HIT","phoneNumber":"+211912345678","serviceCode":"*384*341#","sessionId":"100","text":"2*1*11","timestamp":"2025-08-13T18:24:35.807Z"}
{"level":"info","message":"USSD HIT","phoneNumber":"+211912345678","serviceCode":"*384*341#","sessionId":"100","text":"2*1*12","timestamp":"2025-08-13T18:26:24.178Z"}
{"level":"info","message":"USSD HIT","phoneNumber":"+211912345678","serviceCode":"*384*341#","sessionId":"200","text":"2*1*11*1","timestamp":"2025-08-13T18:27:11.300Z"}
{"level":"info","message":"USSD HIT","phoneNumber":"+211912345678","serviceCode":"*384*341#","sessionId":"100","text":"","timestamp":"2025-08-13T18:29:42.922Z"}
{"level":"info","message":"USSD HIT","phoneNumber":"+211912345678","serviceCode":"*384*341#","sessionId":"100","text":"1","timestamp":"2025-08-13T18:29:48.089Z"}
{"level":"info","message":"USSD HIT","phoneNumber":"+211912345678","serviceCode":"*384*341#","sessionId":"100","text":"2","timestamp":"2025-08-13T18:29:53.278Z"}
{"level":"info","message":"USSD HIT","phoneNumber":"+211912345678","serviceCode":"*384*341#","sessionId":"100","text":"2*1","timestamp":"2025-08-13T18:30:04.455Z"}
{"level":"info","message":"USSD HIT","phoneNumber":"+211912345678","serviceCode":"*384*341#","sessionId":"100","text":"2*1*15","timestamp":"2025-08-13T18:30:48.363Z"}
{"level":"info","message":"USSD HIT","phoneNumber":"+211912345678","serviceCode":"*384*341#","sessionId":"100","text":"2*1*15*1","timestamp":"2025-08-13T18:32:19.903Z"}
{"level":"info","message":"USSD HIT","phoneNumber":"+211912345678","serviceCode":"*384*341#","sessionId":"200","text":"","timestamp":"2025-08-13T18:37:58.914Z"}
{"level":"info","message":"USSD HIT","phoneNumber":"+211912345678","serviceCode":"*384*341#","sessionId":"200","text":"2","timestamp":"2025-08-13T18:38:07.773Z"}
{"level":"info","message":"USSD HIT","phoneNumber":"+211912345678","serviceCode":"*384*341#","sessionId":"200","text":"2*1","timestamp":"2025-08-13T18:38:18.444Z"}
{"level":"info","message":"USSD HIT","phoneNumber":"+211912345678","serviceCode":"*384*341#","sessionId":"200","text":"2*1*12","timestamp":"2025-08-13T18:38:26.707Z"}
{"level":"info","message":"USSD HIT","phoneNumber":"+211912345678","serviceCode":"*384*341#","sessionId":"200","text":"2*1*18","timestamp":"2025-08-13T18:38:45.673Z"}
{"level":"info","message":"USSD HIT","phoneNumber":"+211912345678","serviceCode":"*384*341#","sessionId":"200","text":"2*1*18*1","timestamp":"2025-08-13T18:39:45.175Z"}
{"level":"info","message":"USSD HIT","phoneNumber":"+211912345678","serviceCode":"*384*341#","sessionId":"300","text":"","timestamp":"2025-08-13T18:57:45.790Z"}
{"level":"info","message":"USSD HIT","phoneNumber":"+211912345678","serviceCode":"*384*341#","sessionId":"300","text":"2","timestamp":"2025-08-13T18:57:51.460Z"}
{"level":"info","message":"USSD HIT","phoneNumber":"+211912345678","serviceCode":"*384*341#","sessionId":"300","text":"2*1","timestamp":"2025-08-13T18:57:58.803Z"}
{"level":"info","message":"USSD HIT","phoneNumber":"+211912345678","serviceCode":"*384*341#","sessionId":"300","text":"2*1*20","timestamp":"2025-08-13T18:58:40.071Z"}
{"level":"info","message":"USSD HIT","phoneNumber":"+211912345678","serviceCode":"*384*341#","sessionId":"300","text":"2*1*22","timestamp":"2025-08-13T18:58:55.560Z"}
{"level":"info","message":"USSD HIT","phoneNumber":"+211912345678","serviceCode":"*384*341#","sessionId":"300","text":"2*1*22*1","timestamp":"2025-08-13T19:00:48.192Z"}
{"level":"info","message":"USSD HIT","phoneNumber":"+211912345678","serviceCode":"*384*341#","sessionId":"401","text":"2","timestamp":"2025-08-13T21:21:39.036Z"}
{"level":"info","message":"USSD HIT","phoneNumber":"+211912345678","serviceCode":"*384*341#","sessionId":"401","text":"2*1","timestamp":"2025-08-13T21:21:55.865Z"}
{"level":"info","message":"USSD HIT","phoneNumber":"+211912345678","serviceCode":"*384*341#","sessionId":"401","text":"2*1*18","timestamp":"2025-08-13T21:22:01.837Z"}
{"level":"info","message":"USSD HIT","phoneNumber":"+211912345678","serviceCode":"*384*341#","sessionId":"401","text":"2*1*30","timestamp":"2025-08-13T21:22:16.486Z"}
{"level":"info","message":"USSD HIT","phoneNumber":"+211912345678","serviceCode":"*384*341#","sessionId":"401","text":"2*1*30*2","timestamp":"2025-08-13T21:22:41.380Z"}
{"level":"info","message":"USSD HIT","phoneNumber":"+211912345678","serviceCode":"*384*341#","sessionId":"401","text":"2*1*18*1","timestamp":"2025-08-13T21:23:16.287Z"}
{"level":"info","message":"USSD HIT","phoneNumber":"+211912345678","serviceCode":"*384*341#","sessionId":"601","text":"2","timestamp":"2025-08-13T21:32:54.978Z"}
{"level":"info","message":"USSD HIT","phoneNumber":"+211912345678","serviceCode":"*384*341#","sessionId":"601","text":"2*1","timestamp":"2025-08-13T21:33:13.099Z"}
{"level":"info","message":"USSD HIT","phoneNumber":"+211912345678","serviceCode":"*384*341#","sessionId":"601","text":"2*1*23","timestamp":"2025-08-13T21:33:39.437Z"}
{"level":"info","message":"USSD HIT","phoneNumber":"+211912345678","serviceCode":"*384*341#","sessionId":"601","text":"2*1*23*1","timestamp":"2025-08-13T21:34:08.325Z"}
{"level":"info","message":"USSD HIT","phoneNumber":"+211912345678","serviceCode":"*384*341#","sessionId":"601","text":"2*1*23*2","timestamp":"2025-08-13T21:37:20.774Z"}
